<?xml version="1.0" encoding="UTF-8"?>
<!-- Generated by org.testng.reporters.JUnitReportReporter -->
<testsuite hostname="Srirams-MacBook-Pro.local" failures="0" tests="1" name="testCases.TC002_LoginTest" time="1.577" errors="0" timestamp="2025-01-21T14:52:49 PST" skipped="0">
  <testcase classname="testCases.TC002_LoginTest" name="verify_login" time="1.577"/>
</testsuite> <!-- testCases.TC002_LoginTest -->
