<?xml version="1.0" encoding="UTF-8"?>
<!-- Generated by org.testng.reporters.JUnitReportReporter -->
<testsuite hostname="Srirams-MacBook-Pro.local" failures="0" tests="1" name="testCases.TC002_LoginTest" time="1.163" errors="0" timestamp="2025-01-27T12:13:52 PST" skipped="0">
  <testcase classname="testCases.TC002_LoginTest" name="verify_login" time="1.163"/>
</testsuite> <!-- testCases.TC002_LoginTest -->
