<?xml version="1.0" encoding="UTF-8"?>
<!-- Generated by org.testng.reporters.JUnitReportReporter -->
<testsuite hostname="Srirams-MacBook-Pro.local" failures="0" tests="2" name="testCases.TC003_DataDrivenLoginTest" time="12.616" errors="0" timestamp="2025-01-27T14:12:56 PST" skipped="0">
  <testcase classname="testCases.TC003_DataDrivenLoginTest" name="verify_loginDDT" time="10.935"/>
  <testcase classname="testCases.TC003_DataDrivenLoginTest" name="verify_loginDDT" time="1.681"/>
</testsuite> <!-- testCases.TC003_DataDrivenLoginTest -->
